Analysis & Synthesis report for FSM_SRAM
Tue Dec 29 16:55:14 2020
Quartus Prime Version 18.0.0 Build 614 04/24/2018 SJ Lite Edition


---------------------
; Table of Contents ;
---------------------
  1. Legal Notice
  2. Analysis & Synthesis Summary
  3. Analysis & Synthesis Settings
  4. Parallel Compilation
  5. Analysis & Synthesis Source Files Read
  6. Analysis & Synthesis Resource Usage Summary
  7. Analysis & Synthesis Resource Utilization by Entity
  8. State Machine - |FSM_SRAM|current_state
  9. User-Specified and Inferred Latches
 10. Registers Removed During Synthesis
 11. General Register Statistics
 12. Multiplexer Restructuring Statistics (Restructuring Performed)
 13. Post-Synthesis Netlist Statistics for Top Partition
 14. Elapsed Time Per Partition
 15. Analysis & Synthesis Messages



----------------
; Legal Notice ;
----------------
Copyright (C) 2018  Intel Corporation. All rights reserved.
Your use of Intel Corporation's design tools, logic functions 
and other software and tools, and its AMPP partner logic 
functions, and any output files from any of the foregoing 
(including device programming or simulation files), and any 
associated documentation or information are expressly subject 
to the terms and conditions of the Intel Program License 
Subscription Agreement, the Intel Quartus Prime License Agreement,
the Intel FPGA IP License Agreement, or other applicable license
agreement, including, without limitation, that your use is for
the sole purpose of programming logic devices manufactured by
Intel and sold by Intel or its authorized distributors.  Please
refer to the applicable agreement for further details.



+----------------------------------------------------------------------------------+
; Analysis & Synthesis Summary                                                     ;
+------------------------------------+---------------------------------------------+
; Analysis & Synthesis Status        ; Successful - Tue Dec 29 16:55:14 2020       ;
; Quartus Prime Version              ; 18.0.0 Build 614 04/24/2018 SJ Lite Edition ;
; Revision Name                      ; FSM_SRAM                                    ;
; Top-level Entity Name              ; FSM_SRAM                                    ;
; Family                             ; Cyclone IV E                                ;
; Total logic elements               ; 157                                         ;
;     Total combinational functions  ; 157                                         ;
;     Dedicated logic registers      ; 8                                           ;
; Total registers                    ; 8                                           ;
; Total pins                         ; 8                                           ;
; Total virtual pins                 ; 0                                           ;
; Total memory bits                  ; 0                                           ;
; Embedded Multiplier 9-bit elements ; 0                                           ;
; Total PLLs                         ; 0                                           ;
+------------------------------------+---------------------------------------------+


+------------------------------------------------------------------------------------------------------------+
; Analysis & Synthesis Settings                                                                              ;
+------------------------------------------------------------------+--------------------+--------------------+
; Option                                                           ; Setting            ; Default Value      ;
+------------------------------------------------------------------+--------------------+--------------------+
; Top-level entity name                                            ; FSM_SRAM           ; FSM_SRAM           ;
; Family name                                                      ; Cyclone IV E       ; Cyclone V          ;
; Use smart compilation                                            ; Off                ; Off                ;
; Enable parallel Assembler and Timing Analyzer during compilation ; On                 ; On                 ;
; Enable compact report table                                      ; Off                ; Off                ;
; Restructure Multiplexers                                         ; Auto               ; Auto               ;
; Create Debugging Nodes for IP Cores                              ; Off                ; Off                ;
; Preserve fewer node names                                        ; On                 ; On                 ;
; Intel FPGA IP Evaluation Mode                                    ; Enable             ; Enable             ;
; Verilog Version                                                  ; Verilog_2001       ; Verilog_2001       ;
; VHDL Version                                                     ; VHDL_1993          ; VHDL_1993          ;
; State Machine Processing                                         ; Auto               ; Auto               ;
; Safe State Machine                                               ; Off                ; Off                ;
; Extract Verilog State Machines                                   ; On                 ; On                 ;
; Extract VHDL State Machines                                      ; On                 ; On                 ;
; Ignore Verilog initial constructs                                ; Off                ; Off                ;
; Iteration limit for constant Verilog loops                       ; 5000               ; 5000               ;
; Iteration limit for non-constant Verilog loops                   ; 250                ; 250                ;
; Add Pass-Through Logic to Inferred RAMs                          ; On                 ; On                 ;
; Infer RAMs from Raw Logic                                        ; On                 ; On                 ;
; Parallel Synthesis                                               ; On                 ; On                 ;
; DSP Block Balancing                                              ; Auto               ; Auto               ;
; NOT Gate Push-Back                                               ; On                 ; On                 ;
; Power-Up Don't Care                                              ; On                 ; On                 ;
; Remove Redundant Logic Cells                                     ; Off                ; Off                ;
; Remove Duplicate Registers                                       ; On                 ; On                 ;
; Ignore CARRY Buffers                                             ; Off                ; Off                ;
; Ignore CASCADE Buffers                                           ; Off                ; Off                ;
; Ignore GLOBAL Buffers                                            ; Off                ; Off                ;
; Ignore ROW GLOBAL Buffers                                        ; Off                ; Off                ;
; Ignore LCELL Buffers                                             ; Off                ; Off                ;
; Ignore SOFT Buffers                                              ; On                 ; On                 ;
; Limit AHDL Integers to 32 Bits                                   ; Off                ; Off                ;
; Optimization Technique                                           ; Balanced           ; Balanced           ;
; Carry Chain Length                                               ; 70                 ; 70                 ;
; Auto Carry Chains                                                ; On                 ; On                 ;
; Auto Open-Drain Pins                                             ; On                 ; On                 ;
; Perform WYSIWYG Primitive Resynthesis                            ; Off                ; Off                ;
; Auto ROM Replacement                                             ; On                 ; On                 ;
; Auto RAM Replacement                                             ; On                 ; On                 ;
; Auto DSP Block Replacement                                       ; On                 ; On                 ;
; Auto Shift Register Replacement                                  ; Auto               ; Auto               ;
; Allow Shift Register Merging across Hierarchies                  ; Auto               ; Auto               ;
; Auto Clock Enable Replacement                                    ; On                 ; On                 ;
; Strict RAM Replacement                                           ; Off                ; Off                ;
; Allow Synchronous Control Signals                                ; On                 ; On                 ;
; Force Use of Synchronous Clear Signals                           ; Off                ; Off                ;
; Auto RAM Block Balancing                                         ; On                 ; On                 ;
; Auto RAM to Logic Cell Conversion                                ; Off                ; Off                ;
; Auto Resource Sharing                                            ; Off                ; Off                ;
; Allow Any RAM Size For Recognition                               ; Off                ; Off                ;
; Allow Any ROM Size For Recognition                               ; Off                ; Off                ;
; Allow Any Shift Register Size For Recognition                    ; Off                ; Off                ;
; Use LogicLock Constraints during Resource Balancing              ; On                 ; On                 ;
; Ignore translate_off and synthesis_off directives                ; Off                ; Off                ;
; Timing-Driven Synthesis                                          ; On                 ; On                 ;
; Report Parameter Settings                                        ; On                 ; On                 ;
; Report Source Assignments                                        ; On                 ; On                 ;
; Report Connectivity Checks                                       ; On                 ; On                 ;
; Ignore Maximum Fan-Out Assignments                               ; Off                ; Off                ;
; Synchronization Register Chain Length                            ; 2                  ; 2                  ;
; Power Optimization During Synthesis                              ; Normal compilation ; Normal compilation ;
; HDL message level                                                ; Level2             ; Level2             ;
; Suppress Register Optimization Related Messages                  ; Off                ; Off                ;
; Number of Removed Registers Reported in Synthesis Report         ; 5000               ; 5000               ;
; Number of Swept Nodes Reported in Synthesis Report               ; 5000               ; 5000               ;
; Number of Inverted Registers Reported in Synthesis Report        ; 100                ; 100                ;
; Clock MUX Protection                                             ; On                 ; On                 ;
; Auto Gated Clock Conversion                                      ; Off                ; Off                ;
; Block Design Naming                                              ; Auto               ; Auto               ;
; SDC constraint protection                                        ; Off                ; Off                ;
; Synthesis Effort                                                 ; Auto               ; Auto               ;
; Shift Register Replacement - Allow Asynchronous Clear Signal     ; On                 ; On                 ;
; Pre-Mapping Resynthesis Optimization                             ; Off                ; Off                ;
; Analysis & Synthesis Message Level                               ; Medium             ; Medium             ;
; Disable Register Merging Across Hierarchies                      ; Auto               ; Auto               ;
; Resource Aware Inference For Block RAM                           ; On                 ; On                 ;
+------------------------------------------------------------------+--------------------+--------------------+


+------------------------------------------+
; Parallel Compilation                     ;
+----------------------------+-------------+
; Processors                 ; Number      ;
+----------------------------+-------------+
; Number detected on machine ; 4           ;
; Maximum allowed            ; 2           ;
;                            ;             ;
; Average used               ; 1.00        ;
; Maximum used               ; 2           ;
;                            ;             ;
; Usage by Processor         ; % Time Used ;
;     Processor 1            ; 100.0%      ;
;     Processor 2            ;   0.0%      ;
+----------------------------+-------------+


+------------------------------------------------------------------------------------------------------------------------------------------------------------------------------------------+
; Analysis & Synthesis Source Files Read                                                                                                                                                   ;
+----------------------------------+-----------------+-----------------+---------------------------------------------------------------------------------------------------------+---------+
; File Name with User-Entered Path ; Used in Netlist ; File Type       ; File Name with Absolute Path                                                                            ; Library ;
+----------------------------------+-----------------+-----------------+---------------------------------------------------------------------------------------------------------+---------+
; FSM_SRAM.vhd                     ; yes             ; User VHDL File  ; /home/simon/Documentos/FACULTAD/Sistemas Digitales Avanzados/Laboratorios/SRAM/controlador/FSM_SRAM.vhd ;         ;
+----------------------------------+-----------------+-----------------+---------------------------------------------------------------------------------------------------------+---------+


+------------------------------------------------------------------+
; Analysis & Synthesis Resource Usage Summary                      ;
+---------------------------------------------+--------------------+
; Resource                                    ; Usage              ;
+---------------------------------------------+--------------------+
; Estimated Total logic elements              ; 157                ;
;                                             ;                    ;
; Total combinational functions               ; 157                ;
; Logic element usage by number of LUT inputs ;                    ;
;     -- 4 input functions                    ; 43                 ;
;     -- 3 input functions                    ; 45                 ;
;     -- <=2 input functions                  ; 69                 ;
;                                             ;                    ;
; Logic elements by mode                      ;                    ;
;     -- normal mode                          ; 126                ;
;     -- arithmetic mode                      ; 31                 ;
;                                             ;                    ;
; Total registers                             ; 8                  ;
;     -- Dedicated logic registers            ; 8                  ;
;     -- I/O registers                        ; 0                  ;
;                                             ;                    ;
; I/O pins                                    ; 8                  ;
;                                             ;                    ;
; Embedded Multiplier 9-bit elements          ; 0                  ;
;                                             ;                    ;
; Maximum fan-out node                        ; current_state.idle ;
; Maximum fan-out                             ; 34                 ;
; Total fan-out                               ; 481                ;
; Average fan-out                             ; 2.66               ;
+---------------------------------------------+--------------------+


+----------------------------------------------------------------------------------------------------------------------------------------------------------------------------------------------------------+
; Analysis & Synthesis Resource Utilization by Entity                                                                                                                                                      ;
+----------------------------+---------------------+---------------------------+-------------+--------------+---------+-----------+------+--------------+---------------------+-------------+--------------+
; Compilation Hierarchy Node ; Combinational ALUTs ; Dedicated Logic Registers ; Memory Bits ; DSP Elements ; DSP 9x9 ; DSP 18x18 ; Pins ; Virtual Pins ; Full Hierarchy Name ; Entity Name ; Library Name ;
+----------------------------+---------------------+---------------------------+-------------+--------------+---------+-----------+------+--------------+---------------------+-------------+--------------+
; |FSM_SRAM                  ; 157 (157)           ; 8 (8)                     ; 0           ; 0            ; 0       ; 0         ; 8    ; 0            ; |FSM_SRAM           ; FSM_SRAM    ; work         ;
+----------------------------+---------------------+---------------------------+-------------+--------------+---------+-----------+------+--------------+---------------------+-------------+--------------+
Note: For table entries with two numbers listed, the numbers in parentheses indicate the number of resources of the given type used by the specific entity alone. The numbers listed outside of parentheses indicate the total resources of the given type used by the specific entity and all of its sub-entities in the hierarchy.


Encoding Type:  One-Hot
+---------------------------------------------------------------------------------------------------------------------------------------------------------------------------------------------------------------------------------------------------------------------------+
; State Machine - |FSM_SRAM|current_state                                                                                                                                                                                                                                   ;
+----------------------+---------------------+---------------------+---------------------+---------------------+---------------------+---------------------+----------------------+----------------------+----------------------+----------------------+--------------------+
; Name                 ; current_state.read6 ; current_state.read5 ; current_state.read4 ; current_state.read3 ; current_state.read2 ; current_state.read1 ; current_state.write4 ; current_state.write3 ; current_state.write2 ; current_state.write1 ; current_state.idle ;
+----------------------+---------------------+---------------------+---------------------+---------------------+---------------------+---------------------+----------------------+----------------------+----------------------+----------------------+--------------------+
; current_state.idle   ; 0                   ; 0                   ; 0                   ; 0                   ; 0                   ; 0                   ; 0                    ; 0                    ; 0                    ; 0                    ; 0                  ;
; current_state.write1 ; 0                   ; 0                   ; 0                   ; 0                   ; 0                   ; 0                   ; 0                    ; 0                    ; 0                    ; 1                    ; 1                  ;
; current_state.write2 ; 0                   ; 0                   ; 0                   ; 0                   ; 0                   ; 0                   ; 0                    ; 0                    ; 1                    ; 0                    ; 1                  ;
; current_state.write3 ; 0                   ; 0                   ; 0                   ; 0                   ; 0                   ; 0                   ; 0                    ; 1                    ; 0                    ; 0                    ; 1                  ;
; current_state.write4 ; 0                   ; 0                   ; 0                   ; 0                   ; 0                   ; 0                   ; 1                    ; 0                    ; 0                    ; 0                    ; 1                  ;
; current_state.read1  ; 0                   ; 0                   ; 0                   ; 0                   ; 0                   ; 1                   ; 0                    ; 0                    ; 0                    ; 0                    ; 1                  ;
; current_state.read2  ; 0                   ; 0                   ; 0                   ; 0                   ; 1                   ; 0                   ; 0                    ; 0                    ; 0                    ; 0                    ; 1                  ;
; current_state.read3  ; 0                   ; 0                   ; 0                   ; 1                   ; 0                   ; 0                   ; 0                    ; 0                    ; 0                    ; 0                    ; 1                  ;
; current_state.read4  ; 0                   ; 0                   ; 1                   ; 0                   ; 0                   ; 0                   ; 0                    ; 0                    ; 0                    ; 0                    ; 1                  ;
; current_state.read5  ; 0                   ; 1                   ; 0                   ; 0                   ; 0                   ; 0                   ; 0                    ; 0                    ; 0                    ; 0                    ; 1                  ;
; current_state.read6  ; 1                   ; 0                   ; 0                   ; 0                   ; 0                   ; 0                   ; 0                    ; 0                    ; 0                    ; 0                    ; 1                  ;
+----------------------+---------------------+---------------------+---------------------+---------------------+---------------------+---------------------+----------------------+----------------------+----------------------+----------------------+--------------------+


+----------------------------------------------------------------------------------------------------+
; User-Specified and Inferred Latches                                                                ;
+-----------------------------------------------------+---------------------+------------------------+
; Latch Name                                          ; Latch Enable Signal ; Free of Timing Hazards ;
+-----------------------------------------------------+---------------------+------------------------+
; cont[31]                                            ; current_state.idle  ; yes                    ;
; cont[3]                                             ; current_state.idle  ; yes                    ;
; cont[2]                                             ; current_state.idle  ; yes                    ;
; cont[1]                                             ; current_state.idle  ; yes                    ;
; cont[0]                                             ; current_state.idle  ; yes                    ;
; cont[5]                                             ; current_state.idle  ; yes                    ;
; cont[6]                                             ; current_state.idle  ; yes                    ;
; cont[7]                                             ; current_state.idle  ; yes                    ;
; cont[8]                                             ; current_state.idle  ; yes                    ;
; cont[9]                                             ; current_state.idle  ; yes                    ;
; cont[10]                                            ; current_state.idle  ; yes                    ;
; cont[11]                                            ; current_state.idle  ; yes                    ;
; cont[12]                                            ; current_state.idle  ; yes                    ;
; cont[13]                                            ; current_state.idle  ; yes                    ;
; cont[14]                                            ; current_state.idle  ; yes                    ;
; cont[15]                                            ; current_state.idle  ; yes                    ;
; cont[16]                                            ; current_state.idle  ; yes                    ;
; cont[17]                                            ; current_state.idle  ; yes                    ;
; cont[18]                                            ; current_state.idle  ; yes                    ;
; cont[19]                                            ; current_state.idle  ; yes                    ;
; cont[20]                                            ; current_state.idle  ; yes                    ;
; cont[21]                                            ; current_state.idle  ; yes                    ;
; cont[22]                                            ; current_state.idle  ; yes                    ;
; cont[23]                                            ; current_state.idle  ; yes                    ;
; cont[24]                                            ; current_state.idle  ; yes                    ;
; cont[25]                                            ; current_state.idle  ; yes                    ;
; cont[26]                                            ; current_state.idle  ; yes                    ;
; cont[27]                                            ; current_state.idle  ; yes                    ;
; cont[28]                                            ; current_state.idle  ; yes                    ;
; cont[29]                                            ; current_state.idle  ; yes                    ;
; cont[30]                                            ; current_state.idle  ; yes                    ;
; cont[4]                                             ; current_state.idle  ; yes                    ;
; Number of user-specified and inferred latches = 32  ;                     ;                        ;
+-----------------------------------------------------+---------------------+------------------------+
Note: All latches listed above may not be present at the end of synthesis due to various synthesis optimizations.


+--------------------------------------------------------------------------------+
; Registers Removed During Synthesis                                             ;
+---------------------------------------+----------------------------------------+
; Register name                         ; Reason for Removal                     ;
+---------------------------------------+----------------------------------------+
; current_state.read4                   ; Stuck at GND due to stuck port data_in ;
; current_state.read5                   ; Stuck at GND due to stuck port data_in ;
; current_state.read6                   ; Stuck at GND due to stuck port data_in ;
; Total Number of Removed Registers = 3 ;                                        ;
+---------------------------------------+----------------------------------------+


+------------------------------------------------------+
; General Register Statistics                          ;
+----------------------------------------------+-------+
; Statistic                                    ; Value ;
+----------------------------------------------+-------+
; Total registers                              ; 8     ;
; Number of registers using Synchronous Clear  ; 0     ;
; Number of registers using Synchronous Load   ; 0     ;
; Number of registers using Asynchronous Clear ; 8     ;
; Number of registers using Asynchronous Load  ; 0     ;
; Number of registers using Clock Enable       ; 0     ;
; Number of registers using Preset             ; 0     ;
+----------------------------------------------+-------+


+------------------------------------------------------------------------------------------------------------------------------------------+
; Multiplexer Restructuring Statistics (Restructuring Performed)                                                                           ;
+--------------------+-----------+---------------+----------------------+------------------------+------------+----------------------------+
; Multiplexer Inputs ; Bus Width ; Baseline Area ; Area if Restructured ; Saving if Restructured ; Registered ; Example Multiplexer Output ;
+--------------------+-----------+---------------+----------------------+------------------------+------------+----------------------------+
; 16:1               ; 32 bits   ; 320 LEs       ; 32 LEs               ; 288 LEs                ; No         ; |FSM_SRAM|Selector27       ;
+--------------------+-----------+---------------+----------------------+------------------------+------------+----------------------------+


+-----------------------------------------------------+
; Post-Synthesis Netlist Statistics for Top Partition ;
+-----------------------+-----------------------------+
; Type                  ; Count                       ;
+-----------------------+-----------------------------+
; boundary_port         ; 8                           ;
; cycloneiii_ff         ; 8                           ;
;     CLR               ; 8                           ;
; cycloneiii_io_obuf    ; 1                           ;
; cycloneiii_lcell_comb ; 161                         ;
;     arith             ; 31                          ;
;         2 data inputs ; 31                          ;
;     normal            ; 130                         ;
;         0 data inputs ; 1                           ;
;         1 data inputs ; 4                           ;
;         2 data inputs ; 37                          ;
;         3 data inputs ; 45                          ;
;         4 data inputs ; 43                          ;
;                       ;                             ;
; Max LUT depth         ; 8.00                        ;
; Average LUT depth     ; 4.60                        ;
+-----------------------+-----------------------------+


+-------------------------------+
; Elapsed Time Per Partition    ;
+----------------+--------------+
; Partition Name ; Elapsed Time ;
+----------------+--------------+
; Top            ; 00:00:01     ;
+----------------+--------------+


+-------------------------------+
; Analysis & Synthesis Messages ;
+-------------------------------+
Info: *******************************************************************
Info: Running Quartus Prime Analysis & Synthesis
    Info: Version 18.0.0 Build 614 04/24/2018 SJ Lite Edition
    Info: Processing started: Tue Dec 29 16:54:57 2020
Info: Command: quartus_map --read_settings_files=on --write_settings_files=off FSM_SRAM -c FSM_SRAM
Warning (18236): Number of processors has not been specified which may cause overloading on shared machines.  Set the global assignment NUM_PARALLEL_PROCESSORS in your QSF to an appropriate value for best performance.
Info (20030): Parallel compilation is enabled and will use 2 of the 2 processors detected
Info (12021): Found 2 design units, including 1 entities, in source file FSM_SRAM.vhd
    Info (12022): Found design unit 1: FSM_SRAM-behav File: /home/simon/Documentos/FACULTAD/Sistemas Digitales Avanzados/Laboratorios/SRAM/controlador/FSM_SRAM.vhd Line: 17
    Info (12023): Found entity 1: FSM_SRAM File: /home/simon/Documentos/FACULTAD/Sistemas Digitales Avanzados/Laboratorios/SRAM/controlador/FSM_SRAM.vhd Line: 4
Info (12127): Elaborating entity "FSM_SRAM" for the top level hierarchy
Warning (10306): Invalid value "one hot" for synthesis attribute "syn_encoding" at FSM_SRAM.vhd(25) File: /home/simon/Documentos/FACULTAD/Sistemas Digitales Avanzados/Laboratorios/SRAM/controlador/FSM_SRAM.vhd Line: 25
Warning (10524): VHDL warning at FSM_SRAM.vhd(20): used 'X' for unrecognized character 'o' in enumerated type File: /home/simon/Documentos/FACULTAD/Sistemas Digitales Avanzados/Laboratorios/SRAM/controlador/FSM_SRAM.vhd Line: 20
Warning (10524): VHDL warning at FSM_SRAM.vhd(20): used 'X' for unrecognized character 'n' in enumerated type File: /home/simon/Documentos/FACULTAD/Sistemas Digitales Avanzados/Laboratorios/SRAM/controlador/FSM_SRAM.vhd Line: 20
Warning (10524): VHDL warning at FSM_SRAM.vhd(20): used 'X' for unrecognized character 'e' in enumerated type File: /home/simon/Documentos/FACULTAD/Sistemas Digitales Avanzados/Laboratorios/SRAM/controlador/FSM_SRAM.vhd Line: 20
Warning (10524): VHDL warning at FSM_SRAM.vhd(20): used 'X' for unrecognized character 't' in enumerated type File: /home/simon/Documentos/FACULTAD/Sistemas Digitales Avanzados/Laboratorios/SRAM/controlador/FSM_SRAM.vhd Line: 20
Warning (10336): VHDL Attribute warning in FSM_SRAM.vhd(20): ENUM_ENCODING or SYN_ENCODING attribute for enumeration type "FSM_states" does not specify a valid encoding for every enumeration literal -- ignored all encodings File: /home/simon/Documentos/FACULTAD/Sistemas Digitales Avanzados/Laboratorios/SRAM/controlador/FSM_SRAM.vhd Line: 20
Warning (10492): VHDL Process Statement warning at FSM_SRAM.vhd(59): signal "r_w" is read inside the Process Statement but isn't in the Process Statement's sensitivity list File: /home/simon/Documentos/FACULTAD/Sistemas Digitales Avanzados/Laboratorios/SRAM/controlador/FSM_SRAM.vhd Line: 59
Warning (10492): VHDL Process Statement warning at FSM_SRAM.vhd(66): signal "cont" is read inside the Process Statement but isn't in the Process Statement's sensitivity list File: /home/simon/Documentos/FACULTAD/Sistemas Digitales Avanzados/Laboratorios/SRAM/controlador/FSM_SRAM.vhd Line: 66
Warning (10492): VHDL Process Statement warning at FSM_SRAM.vhd(67): signal "cont" is read inside the Process Statement but isn't in the Process Statement's sensitivity list File: /home/simon/Documentos/FACULTAD/Sistemas Digitales Avanzados/Laboratorios/SRAM/controlador/FSM_SRAM.vhd Line: 67
Warning (10492): VHDL Process Statement warning at FSM_SRAM.vhd(75): signal "cont" is read inside the Process Statement but isn't in the Process Statement's sensitivity list File: /home/simon/Documentos/FACULTAD/Sistemas Digitales Avanzados/Laboratorios/SRAM/controlador/FSM_SRAM.vhd Line: 75
Warning (10492): VHDL Process Statement warning at FSM_SRAM.vhd(76): signal "cont" is read inside the Process Statement but isn't in the Process Statement's sensitivity list File: /home/simon/Documentos/FACULTAD/Sistemas Digitales Avanzados/Laboratorios/SRAM/controlador/FSM_SRAM.vhd Line: 76
Warning (10492): VHDL Process Statement warning at FSM_SRAM.vhd(84): signal "cont" is read inside the Process Statement but isn't in the Process Statement's sensitivity list File: /home/simon/Documentos/FACULTAD/Sistemas Digitales Avanzados/Laboratorios/SRAM/controlador/FSM_SRAM.vhd Line: 84
Warning (10492): VHDL Process Statement warning at FSM_SRAM.vhd(85): signal "cont" is read inside the Process Statement but isn't in the Process Statement's sensitivity list File: /home/simon/Documentos/FACULTAD/Sistemas Digitales Avanzados/Laboratorios/SRAM/controlador/FSM_SRAM.vhd Line: 85
Warning (10492): VHDL Process Statement warning at FSM_SRAM.vhd(93): signal "cont" is read inside the Process Statement but isn't in the Process Statement's sensitivity list File: /home/simon/Documentos/FACULTAD/Sistemas Digitales Avanzados/Laboratorios/SRAM/controlador/FSM_SRAM.vhd Line: 93
Warning (10492): VHDL Process Statement warning at FSM_SRAM.vhd(94): signal "cont" is read inside the Process Statement but isn't in the Process Statement's sensitivity list File: /home/simon/Documentos/FACULTAD/Sistemas Digitales Avanzados/Laboratorios/SRAM/controlador/FSM_SRAM.vhd Line: 94
Warning (10492): VHDL Process Statement warning at FSM_SRAM.vhd(102): signal "cont" is read inside the Process Statement but isn't in the Process Statement's sensitivity list File: /home/simon/Documentos/FACULTAD/Sistemas Digitales Avanzados/Laboratorios/SRAM/controlador/FSM_SRAM.vhd Line: 102
Warning (10492): VHDL Process Statement warning at FSM_SRAM.vhd(103): signal "cont" is read inside the Process Statement but isn't in the Process Statement's sensitivity list File: /home/simon/Documentos/FACULTAD/Sistemas Digitales Avanzados/Laboratorios/SRAM/controlador/FSM_SRAM.vhd Line: 103
Warning (10492): VHDL Process Statement warning at FSM_SRAM.vhd(111): signal "cont" is read inside the Process Statement but isn't in the Process Statement's sensitivity list File: /home/simon/Documentos/FACULTAD/Sistemas Digitales Avanzados/Laboratorios/SRAM/controlador/FSM_SRAM.vhd Line: 111
Warning (10492): VHDL Process Statement warning at FSM_SRAM.vhd(112): signal "cont" is read inside the Process Statement but isn't in the Process Statement's sensitivity list File: /home/simon/Documentos/FACULTAD/Sistemas Digitales Avanzados/Laboratorios/SRAM/controlador/FSM_SRAM.vhd Line: 112
Warning (10492): VHDL Process Statement warning at FSM_SRAM.vhd(120): signal "cont" is read inside the Process Statement but isn't in the Process Statement's sensitivity list File: /home/simon/Documentos/FACULTAD/Sistemas Digitales Avanzados/Laboratorios/SRAM/controlador/FSM_SRAM.vhd Line: 120
Warning (10492): VHDL Process Statement warning at FSM_SRAM.vhd(121): signal "cont" is read inside the Process Statement but isn't in the Process Statement's sensitivity list File: /home/simon/Documentos/FACULTAD/Sistemas Digitales Avanzados/Laboratorios/SRAM/controlador/FSM_SRAM.vhd Line: 121
Warning (10492): VHDL Process Statement warning at FSM_SRAM.vhd(129): signal "cont" is read inside the Process Statement but isn't in the Process Statement's sensitivity list File: /home/simon/Documentos/FACULTAD/Sistemas Digitales Avanzados/Laboratorios/SRAM/controlador/FSM_SRAM.vhd Line: 129
Warning (10492): VHDL Process Statement warning at FSM_SRAM.vhd(130): signal "cont" is read inside the Process Statement but isn't in the Process Statement's sensitivity list File: /home/simon/Documentos/FACULTAD/Sistemas Digitales Avanzados/Laboratorios/SRAM/controlador/FSM_SRAM.vhd Line: 130
Warning (10492): VHDL Process Statement warning at FSM_SRAM.vhd(138): signal "cont" is read inside the Process Statement but isn't in the Process Statement's sensitivity list File: /home/simon/Documentos/FACULTAD/Sistemas Digitales Avanzados/Laboratorios/SRAM/controlador/FSM_SRAM.vhd Line: 138
Warning (10492): VHDL Process Statement warning at FSM_SRAM.vhd(139): signal "cont" is read inside the Process Statement but isn't in the Process Statement's sensitivity list File: /home/simon/Documentos/FACULTAD/Sistemas Digitales Avanzados/Laboratorios/SRAM/controlador/FSM_SRAM.vhd Line: 139
Warning (10492): VHDL Process Statement warning at FSM_SRAM.vhd(147): signal "cont" is read inside the Process Statement but isn't in the Process Statement's sensitivity list File: /home/simon/Documentos/FACULTAD/Sistemas Digitales Avanzados/Laboratorios/SRAM/controlador/FSM_SRAM.vhd Line: 147
Warning (10492): VHDL Process Statement warning at FSM_SRAM.vhd(148): signal "cont" is read inside the Process Statement but isn't in the Process Statement's sensitivity list File: /home/simon/Documentos/FACULTAD/Sistemas Digitales Avanzados/Laboratorios/SRAM/controlador/FSM_SRAM.vhd Line: 148
Warning (10631): VHDL Process Statement warning at FSM_SRAM.vhd(55): inferring latch(es) for signal or variable "cont", which holds its previous value in one or more paths through the process File: /home/simon/Documentos/FACULTAD/Sistemas Digitales Avanzados/Laboratorios/SRAM/controlador/FSM_SRAM.vhd Line: 55
Info (10041): Inferred latch for "cont[0]" at FSM_SRAM.vhd(55) File: /home/simon/Documentos/FACULTAD/Sistemas Digitales Avanzados/Laboratorios/SRAM/controlador/FSM_SRAM.vhd Line: 55
Info (10041): Inferred latch for "cont[1]" at FSM_SRAM.vhd(55) File: /home/simon/Documentos/FACULTAD/Sistemas Digitales Avanzados/Laboratorios/SRAM/controlador/FSM_SRAM.vhd Line: 55
Info (10041): Inferred latch for "cont[2]" at FSM_SRAM.vhd(55) File: /home/simon/Documentos/FACULTAD/Sistemas Digitales Avanzados/Laboratorios/SRAM/controlador/FSM_SRAM.vhd Line: 55
Info (10041): Inferred latch for "cont[3]" at FSM_SRAM.vhd(55) File: /home/simon/Documentos/FACULTAD/Sistemas Digitales Avanzados/Laboratorios/SRAM/controlador/FSM_SRAM.vhd Line: 55
Info (10041): Inferred latch for "cont[4]" at FSM_SRAM.vhd(55) File: /home/simon/Documentos/FACULTAD/Sistemas Digitales Avanzados/Laboratorios/SRAM/controlador/FSM_SRAM.vhd Line: 55
Info (10041): Inferred latch for "cont[5]" at FSM_SRAM.vhd(55) File: /home/simon/Documentos/FACULTAD/Sistemas Digitales Avanzados/Laboratorios/SRAM/controlador/FSM_SRAM.vhd Line: 55
Info (10041): Inferred latch for "cont[6]" at FSM_SRAM.vhd(55) File: /home/simon/Documentos/FACULTAD/Sistemas Digitales Avanzados/Laboratorios/SRAM/controlador/FSM_SRAM.vhd Line: 55
Info (10041): Inferred latch for "cont[7]" at FSM_SRAM.vhd(55) File: /home/simon/Documentos/FACULTAD/Sistemas Digitales Avanzados/Laboratorios/SRAM/controlador/FSM_SRAM.vhd Line: 55
Info (10041): Inferred latch for "cont[8]" at FSM_SRAM.vhd(55) File: /home/simon/Documentos/FACULTAD/Sistemas Digitales Avanzados/Laboratorios/SRAM/controlador/FSM_SRAM.vhd Line: 55
Info (10041): Inferred latch for "cont[9]" at FSM_SRAM.vhd(55) File: /home/simon/Documentos/FACULTAD/Sistemas Digitales Avanzados/Laboratorios/SRAM/controlador/FSM_SRAM.vhd Line: 55
Info (10041): Inferred latch for "cont[10]" at FSM_SRAM.vhd(55) File: /home/simon/Documentos/FACULTAD/Sistemas Digitales Avanzados/Laboratorios/SRAM/controlador/FSM_SRAM.vhd Line: 55
Info (10041): Inferred latch for "cont[11]" at FSM_SRAM.vhd(55) File: /home/simon/Documentos/FACULTAD/Sistemas Digitales Avanzados/Laboratorios/SRAM/controlador/FSM_SRAM.vhd Line: 55
Info (10041): Inferred latch for "cont[12]" at FSM_SRAM.vhd(55) File: /home/simon/Documentos/FACULTAD/Sistemas Digitales Avanzados/Laboratorios/SRAM/controlador/FSM_SRAM.vhd Line: 55
Info (10041): Inferred latch for "cont[13]" at FSM_SRAM.vhd(55) File: /home/simon/Documentos/FACULTAD/Sistemas Digitales Avanzados/Laboratorios/SRAM/controlador/FSM_SRAM.vhd Line: 55
Info (10041): Inferred latch for "cont[14]" at FSM_SRAM.vhd(55) File: /home/simon/Documentos/FACULTAD/Sistemas Digitales Avanzados/Laboratorios/SRAM/controlador/FSM_SRAM.vhd Line: 55
Info (10041): Inferred latch for "cont[15]" at FSM_SRAM.vhd(55) File: /home/simon/Documentos/FACULTAD/Sistemas Digitales Avanzados/Laboratorios/SRAM/controlador/FSM_SRAM.vhd Line: 55
Info (10041): Inferred latch for "cont[16]" at FSM_SRAM.vhd(55) File: /home/simon/Documentos/FACULTAD/Sistemas Digitales Avanzados/Laboratorios/SRAM/controlador/FSM_SRAM.vhd Line: 55
Info (10041): Inferred latch for "cont[17]" at FSM_SRAM.vhd(55) File: /home/simon/Documentos/FACULTAD/Sistemas Digitales Avanzados/Laboratorios/SRAM/controlador/FSM_SRAM.vhd Line: 55
Info (10041): Inferred latch for "cont[18]" at FSM_SRAM.vhd(55) File: /home/simon/Documentos/FACULTAD/Sistemas Digitales Avanzados/Laboratorios/SRAM/controlador/FSM_SRAM.vhd Line: 55
Info (10041): Inferred latch for "cont[19]" at FSM_SRAM.vhd(55) File: /home/simon/Documentos/FACULTAD/Sistemas Digitales Avanzados/Laboratorios/SRAM/controlador/FSM_SRAM.vhd Line: 55
Info (10041): Inferred latch for "cont[20]" at FSM_SRAM.vhd(55) File: /home/simon/Documentos/FACULTAD/Sistemas Digitales Avanzados/Laboratorios/SRAM/controlador/FSM_SRAM.vhd Line: 55
Info (10041): Inferred latch for "cont[21]" at FSM_SRAM.vhd(55) File: /home/simon/Documentos/FACULTAD/Sistemas Digitales Avanzados/Laboratorios/SRAM/controlador/FSM_SRAM.vhd Line: 55
Info (10041): Inferred latch for "cont[22]" at FSM_SRAM.vhd(55) File: /home/simon/Documentos/FACULTAD/Sistemas Digitales Avanzados/Laboratorios/SRAM/controlador/FSM_SRAM.vhd Line: 55
Info (10041): Inferred latch for "cont[23]" at FSM_SRAM.vhd(55) File: /home/simon/Documentos/FACULTAD/Sistemas Digitales Avanzados/Laboratorios/SRAM/controlador/FSM_SRAM.vhd Line: 55
Info (10041): Inferred latch for "cont[24]" at FSM_SRAM.vhd(55) File: /home/simon/Documentos/FACULTAD/Sistemas Digitales Avanzados/Laboratorios/SRAM/controlador/FSM_SRAM.vhd Line: 55
Info (10041): Inferred latch for "cont[25]" at FSM_SRAM.vhd(55) File: /home/simon/Documentos/FACULTAD/Sistemas Digitales Avanzados/Laboratorios/SRAM/controlador/FSM_SRAM.vhd Line: 55
Info (10041): Inferred latch for "cont[26]" at FSM_SRAM.vhd(55) File: /home/simon/Documentos/FACULTAD/Sistemas Digitales Avanzados/Laboratorios/SRAM/controlador/FSM_SRAM.vhd Line: 55
Info (10041): Inferred latch for "cont[27]" at FSM_SRAM.vhd(55) File: /home/simon/Documentos/FACULTAD/Sistemas Digitales Avanzados/Laboratorios/SRAM/controlador/FSM_SRAM.vhd Line: 55
Info (10041): Inferred latch for "cont[28]" at FSM_SRAM.vhd(55) File: /home/simon/Documentos/FACULTAD/Sistemas Digitales Avanzados/Laboratorios/SRAM/controlador/FSM_SRAM.vhd Line: 55
Info (10041): Inferred latch for "cont[29]" at FSM_SRAM.vhd(55) File: /home/simon/Documentos/FACULTAD/Sistemas Digitales Avanzados/Laboratorios/SRAM/controlador/FSM_SRAM.vhd Line: 55
Info (10041): Inferred latch for "cont[30]" at FSM_SRAM.vhd(55) File: /home/simon/Documentos/FACULTAD/Sistemas Digitales Avanzados/Laboratorios/SRAM/controlador/FSM_SRAM.vhd Line: 55
Info (10041): Inferred latch for "cont[31]" at FSM_SRAM.vhd(55) File: /home/simon/Documentos/FACULTAD/Sistemas Digitales Avanzados/Laboratorios/SRAM/controlador/FSM_SRAM.vhd Line: 55
Warning (13024): Output pins are stuck at VCC or GND
    Warning (13410): Pin "din" is stuck at GND File: /home/simon/Documentos/FACULTAD/Sistemas Digitales Avanzados/Laboratorios/SRAM/controlador/FSM_SRAM.vhd Line: 12
Info (286030): Timing-Driven Synthesis is running
Info (16010): Generating hard_block partition "hard_block:auto_generated_inst"
    Info (16011): Adding 0 node(s), including 0 DDIO, 0 PLL, 0 transceiver and 0 LCELL
Info (21057): Implemented 165 device resources after synthesis - the final resource count might be different
    Info (21058): Implemented 3 input pins
    Info (21059): Implemented 5 output pins
    Info (21061): Implemented 157 logic cells
Info: Quartus Prime Analysis & Synthesis was successful. 0 errors, 31 warnings
    Info: Peak virtual memory: 946 megabytes
    Info: Processing ended: Tue Dec 29 16:55:14 2020
    Info: Elapsed time: 00:00:17
    Info: Total CPU time (on all processors): 00:00:35


